{"/Users/brianzhang/Desktop/repos/portfolio/src/hangman/hangman.ts": {"path":"/Users/brianzhang/Desktop/repos/portfolio/src/hangman/hangman.ts","all":false,"statementMap":{"0":{"start":{"line":1,"column":0},"end":{"line":1,"column":13}},"1":{"start":{"line":2,"column":0},"end":{"line":2,"column":27}},"2":{"start":{"line":3,"column":0},"end":{"line":3,"column":22}},"3":{"start":{"line":4,"column":0},"end":{"line":4,"column":36}},"4":{"start":{"line":5,"column":0},"end":{"line":5,"column":28}},"5":{"start":{"line":6,"column":0},"end":{"line":6,"column":32}},"6":{"start":{"line":7,"column":0},"end":{"line":7,"column":36}},"7":{"start":{"line":8,"column":0},"end":{"line":8,"column":36}},"8":{"start":{"line":9,"column":0},"end":{"line":9,"column":2}},"9":{"start":{"line":10,"column":0},"end":{"line":10,"column":0}},"10":{"start":{"line":11,"column":0},"end":{"line":11,"column":30}},"11":{"start":{"line":12,"column":0},"end":{"line":12,"column":21}},"12":{"start":{"line":13,"column":0},"end":{"line":13,"column":17}},"13":{"start":{"line":14,"column":0},"end":{"line":14,"column":13}},"14":{"start":{"line":15,"column":0},"end":{"line":15,"column":15}},"15":{"start":{"line":16,"column":0},"end":{"line":16,"column":15}},"16":{"start":{"line":17,"column":0},"end":{"line":17,"column":18}},"17":{"start":{"line":18,"column":0},"end":{"line":18,"column":3}},"18":{"start":{"line":19,"column":0},"end":{"line":19,"column":16}},"19":{"start":{"line":20,"column":0},"end":{"line":20,"column":16}},"20":{"start":{"line":21,"column":0},"end":{"line":21,"column":36}},"21":{"start":{"line":22,"column":0},"end":{"line":22,"column":27}},"22":{"start":{"line":23,"column":0},"end":{"line":23,"column":0}},"23":{"start":{"line":24,"column":0},"end":{"line":24,"column":28}},"24":{"start":{"line":25,"column":0},"end":{"line":25,"column":59}},"25":{"start":{"line":26,"column":0},"end":{"line":26,"column":24}},"26":{"start":{"line":27,"column":0},"end":{"line":27,"column":25}},"27":{"start":{"line":28,"column":0},"end":{"line":28,"column":108}},"28":{"start":{"line":29,"column":0},"end":{"line":29,"column":3}},"29":{"start":{"line":30,"column":0},"end":{"line":30,"column":0}},"30":{"start":{"line":31,"column":0},"end":{"line":31,"column":42}},"31":{"start":{"line":32,"column":0},"end":{"line":32,"column":42}},"32":{"start":{"line":33,"column":0},"end":{"line":33,"column":48}},"33":{"start":{"line":34,"column":0},"end":{"line":34,"column":5}},"34":{"start":{"line":35,"column":0},"end":{"line":35,"column":0}},"35":{"start":{"line":36,"column":0},"end":{"line":36,"column":32}},"36":{"start":{"line":37,"column":0},"end":{"line":37,"column":0}},"37":{"start":{"line":38,"column":0},"end":{"line":38,"column":33}},"38":{"start":{"line":39,"column":0},"end":{"line":39,"column":28}},"39":{"start":{"line":40,"column":0},"end":{"line":40,"column":35}},"40":{"start":{"line":41,"column":0},"end":{"line":41,"column":50}},"41":{"start":{"line":42,"column":0},"end":{"line":42,"column":7}},"42":{"start":{"line":43,"column":0},"end":{"line":43,"column":62}},"43":{"start":{"line":44,"column":0},"end":{"line":44,"column":5}},"44":{"start":{"line":45,"column":0},"end":{"line":45,"column":0}},"45":{"start":{"line":46,"column":0},"end":{"line":46,"column":43}},"46":{"start":{"line":47,"column":0},"end":{"line":47,"column":0}},"47":{"start":{"line":48,"column":0},"end":{"line":48,"column":38}},"48":{"start":{"line":49,"column":0},"end":{"line":49,"column":62}},"49":{"start":{"line":50,"column":0},"end":{"line":50,"column":5}},"50":{"start":{"line":51,"column":0},"end":{"line":51,"column":0}},"51":{"start":{"line":52,"column":0},"end":{"line":52,"column":47}},"52":{"start":{"line":53,"column":0},"end":{"line":53,"column":3}},"53":{"start":{"line":54,"column":0},"end":{"line":54,"column":0}},"54":{"start":{"line":55,"column":0},"end":{"line":55,"column":34}},"55":{"start":{"line":56,"column":0},"end":{"line":56,"column":12}},"56":{"start":{"line":57,"column":0},"end":{"line":57,"column":77}},"57":{"start":{"line":58,"column":0},"end":{"line":58,"column":6}},"58":{"start":{"line":59,"column":0},"end":{"line":59,"column":3}},"59":{"start":{"line":60,"column":0},"end":{"line":60,"column":0}},"60":{"start":{"line":61,"column":0},"end":{"line":61,"column":38}},"61":{"start":{"line":62,"column":0},"end":{"line":62,"column":15}},"62":{"start":{"line":63,"column":0},"end":{"line":63,"column":16}},"63":{"start":{"line":64,"column":0},"end":{"line":64,"column":66}},"64":{"start":{"line":65,"column":0},"end":{"line":65,"column":17}},"65":{"start":{"line":66,"column":0},"end":{"line":66,"column":3}},"66":{"start":{"line":67,"column":0},"end":{"line":67,"column":0}},"67":{"start":{"line":68,"column":0},"end":{"line":68,"column":42}},"68":{"start":{"line":69,"column":0},"end":{"line":69,"column":26}},"69":{"start":{"line":70,"column":0},"end":{"line":70,"column":3}},"70":{"start":{"line":71,"column":0},"end":{"line":71,"column":0}},"71":{"start":{"line":72,"column":0},"end":{"line":72,"column":42}},"72":{"start":{"line":73,"column":0},"end":{"line":73,"column":28}},"73":{"start":{"line":74,"column":0},"end":{"line":74,"column":3}},"74":{"start":{"line":75,"column":0},"end":{"line":75,"column":0}},"75":{"start":{"line":76,"column":0},"end":{"line":76,"column":10}},"76":{"start":{"line":77,"column":0},"end":{"line":77,"column":10}},"77":{"start":{"line":78,"column":0},"end":{"line":78,"column":10}},"78":{"start":{"line":79,"column":0},"end":{"line":79,"column":15}},"79":{"start":{"line":80,"column":0},"end":{"line":80,"column":20}},"80":{"start":{"line":81,"column":0},"end":{"line":81,"column":22}},"81":{"start":{"line":82,"column":0},"end":{"line":82,"column":24}},"82":{"start":{"line":83,"column":0},"end":{"line":83,"column":4}},"83":{"start":{"line":84,"column":0},"end":{"line":84,"column":1}}},"s":{"0":1,"1":1,"2":1,"3":1,"4":1,"5":1,"6":1,"7":1,"8":1,"9":1,"10":7,"11":7,"12":7,"13":7,"14":7,"15":7,"16":7,"17":7,"18":7,"19":7,"20":7,"21":7,"22":7,"23":7,"24":7,"25":7,"26":7,"27":7,"28":7,"29":7,"30":7,"31":21,"32":1,"33":1,"34":20,"35":20,"36":20,"37":21,"38":7,"39":7,"40":1,"41":1,"42":6,"43":6,"44":13,"45":13,"46":13,"47":21,"48":1,"49":1,"50":12,"51":12,"52":12,"53":7,"54":7,"55":2,"56":2,"57":2,"58":2,"59":7,"60":7,"61":17,"62":17,"63":17,"64":17,"65":17,"66":7,"67":7,"68":2,"69":2,"70":7,"71":7,"72":2,"73":2,"74":7,"75":7,"76":7,"77":7,"78":7,"79":7,"80":7,"81":7,"82":7,"83":7},"branchMap":{"0":{"type":"branch","line":11,"loc":{"start":{"line":11,"column":0},"end":{"line":84,"column":1}},"locations":[{"start":{"line":11,"column":0},"end":{"line":84,"column":1}}]},"1":{"type":"branch","line":24,"loc":{"start":{"line":24,"column":2},"end":{"line":29,"column":3}},"locations":[{"start":{"line":24,"column":2},"end":{"line":29,"column":3}}]},"2":{"type":"branch","line":31,"loc":{"start":{"line":31,"column":2},"end":{"line":53,"column":3}},"locations":[{"start":{"line":31,"column":2},"end":{"line":53,"column":3}}]},"3":{"type":"branch","line":32,"loc":{"start":{"line":32,"column":41},"end":{"line":34,"column":5}},"locations":[{"start":{"line":32,"column":41},"end":{"line":34,"column":5}}]},"4":{"type":"branch","line":35,"loc":{"start":{"line":35,"column":-1},"end":{"line":38,"column":32}},"locations":[{"start":{"line":35,"column":-1},"end":{"line":38,"column":32}}]},"5":{"type":"branch","line":38,"loc":{"start":{"line":38,"column":32},"end":{"line":44,"column":5}},"locations":[{"start":{"line":38,"column":32},"end":{"line":44,"column":5}}]},"6":{"type":"branch","line":40,"loc":{"start":{"line":40,"column":34},"end":{"line":42,"column":7}},"locations":[{"start":{"line":40,"column":34},"end":{"line":42,"column":7}}]},"7":{"type":"branch","line":43,"loc":{"start":{"line":43,"column":-1},"end":{"line":44,"column":5}},"locations":[{"start":{"line":43,"column":-1},"end":{"line":44,"column":5}}]},"8":{"type":"branch","line":45,"loc":{"start":{"line":45,"column":-1},"end":{"line":48,"column":37}},"locations":[{"start":{"line":45,"column":-1},"end":{"line":48,"column":37}}]},"9":{"type":"branch","line":48,"loc":{"start":{"line":48,"column":37},"end":{"line":50,"column":5}},"locations":[{"start":{"line":48,"column":37},"end":{"line":50,"column":5}}]},"10":{"type":"branch","line":51,"loc":{"start":{"line":51,"column":-1},"end":{"line":53,"column":3}},"locations":[{"start":{"line":51,"column":-1},"end":{"line":53,"column":3}}]},"11":{"type":"branch","line":55,"loc":{"start":{"line":55,"column":2},"end":{"line":59,"column":3}},"locations":[{"start":{"line":55,"column":2},"end":{"line":59,"column":3}}]},"12":{"type":"branch","line":57,"loc":{"start":{"line":57,"column":28},"end":{"line":57,"column":77}},"locations":[{"start":{"line":57,"column":28},"end":{"line":57,"column":77}}]},"13":{"type":"branch","line":61,"loc":{"start":{"line":61,"column":2},"end":{"line":66,"column":3}},"locations":[{"start":{"line":61,"column":2},"end":{"line":66,"column":3}}]},"14":{"type":"branch","line":64,"loc":{"start":{"line":64,"column":11},"end":{"line":64,"column":65}},"locations":[{"start":{"line":64,"column":11},"end":{"line":64,"column":65}}]},"15":{"type":"branch","line":64,"loc":{"start":{"line":64,"column":52},"end":{"line":64,"column":58}},"locations":[{"start":{"line":64,"column":52},"end":{"line":64,"column":58}}]},"16":{"type":"branch","line":64,"loc":{"start":{"line":64,"column":59},"end":{"line":64,"column":64}},"locations":[{"start":{"line":64,"column":59},"end":{"line":64,"column":64}}]},"17":{"type":"branch","line":68,"loc":{"start":{"line":68,"column":2},"end":{"line":70,"column":3}},"locations":[{"start":{"line":68,"column":2},"end":{"line":70,"column":3}}]},"18":{"type":"branch","line":72,"loc":{"start":{"line":72,"column":2},"end":{"line":74,"column":3}},"locations":[{"start":{"line":72,"column":2},"end":{"line":74,"column":3}}]}},"b":{"0":[7],"1":[7],"2":[21],"3":[1],"4":[20],"5":[7],"6":[1],"7":[6],"8":[13],"9":[1],"10":[12],"11":[2],"12":[1],"13":[17],"14":[170],"15":[82],"16":[88],"17":[2],"18":[2]},"fnMap":{"0":{"name":"createHangman","decl":{"start":{"line":11,"column":0},"end":{"line":84,"column":1}},"loc":{"start":{"line":11,"column":0},"end":{"line":84,"column":1}},"line":11},"1":{"name":"start","decl":{"start":{"line":24,"column":2},"end":{"line":29,"column":3}},"loc":{"start":{"line":24,"column":2},"end":{"line":29,"column":3}},"line":24},"2":{"name":"guess","decl":{"start":{"line":31,"column":2},"end":{"line":53,"column":3}},"loc":{"start":{"line":31,"column":2},"end":{"line":53,"column":3}},"line":31},"3":{"name":"isGameOver","decl":{"start":{"line":55,"column":2},"end":{"line":59,"column":3}},"loc":{"start":{"line":55,"column":2},"end":{"line":59,"column":3}},"line":55},"4":{"name":"getWordProgress","decl":{"start":{"line":61,"column":2},"end":{"line":66,"column":3}},"loc":{"start":{"line":61,"column":2},"end":{"line":66,"column":3}},"line":61},"5":{"name":"getGuessedLetters","decl":{"start":{"line":68,"column":2},"end":{"line":70,"column":3}},"loc":{"start":{"line":68,"column":2},"end":{"line":70,"column":3}},"line":68},"6":{"name":"getRemainingGuesses","decl":{"start":{"line":72,"column":2},"end":{"line":74,"column":3}},"loc":{"start":{"line":72,"column":2},"end":{"line":74,"column":3}},"line":72}},"f":{"0":7,"1":7,"2":21,"3":2,"4":17,"5":2,"6":2}}
}
