TN:
SF:src/hangman/hangman.ts
FN:11,createHangman
FN:24,start
FN:31,guess
FN:55,isGameOver
FN:61,getWordProgress
FN:68,getGuessedLetters
FN:72,getRemainingGuesses
FNF:7
FNH:7
FNDA:7,createHangman
FNDA:7,start
FNDA:21,guess
FNDA:2,isGameOver
FNDA:17,getWordProgress
FNDA:2,getGuessedLetters
FNDA:2,getRemainingGuesses
DA:1,1
DA:2,1
DA:3,1
DA:4,1
DA:5,1
DA:6,1
DA:7,1
DA:8,1
DA:9,1
DA:10,1
DA:11,7
DA:12,7
DA:13,7
DA:14,7
DA:15,7
DA:16,7
DA:17,7
DA:18,7
DA:19,7
DA:20,7
DA:21,7
DA:22,7
DA:23,7
DA:24,7
DA:25,7
DA:26,7
DA:27,7
DA:28,7
DA:29,7
DA:30,7
DA:31,7
DA:32,21
DA:33,1
DA:34,1
DA:35,20
DA:36,20
DA:37,20
DA:38,21
DA:39,7
DA:40,7
DA:41,1
DA:42,1
DA:43,6
DA:44,6
DA:45,13
DA:46,13
DA:47,13
DA:48,21
DA:49,1
DA:50,1
DA:51,12
DA:52,12
DA:53,12
DA:54,7
DA:55,7
DA:56,2
DA:57,2
DA:58,2
DA:59,2
DA:60,7
DA:61,7
DA:62,17
DA:63,17
DA:64,17
DA:65,17
DA:66,17
DA:67,7
DA:68,7
DA:69,2
DA:70,2
DA:71,7
DA:72,7
DA:73,2
DA:74,2
DA:75,7
DA:76,7
DA:77,7
DA:78,7
DA:79,7
DA:80,7
DA:81,7
DA:82,7
DA:83,7
DA:84,7
LF:84
LH:84
BRDA:11,0,0,7
BRDA:24,1,0,7
BRDA:31,2,0,21
BRDA:32,3,0,1
BRDA:35,4,0,20
BRDA:38,5,0,7
BRDA:40,6,0,1
BRDA:43,7,0,6
BRDA:45,8,0,13
BRDA:48,9,0,1
BRDA:51,10,0,12
BRDA:55,11,0,2
BRDA:57,12,0,1
BRDA:61,13,0,17
BRDA:64,14,0,170
BRDA:64,15,0,82
BRDA:64,16,0,88
BRDA:68,17,0,2
BRDA:72,18,0,2
BRF:19
BRH:19
end_of_record
